<?xml version="1.0" encoding="UTF-8" ?>
<testsuite 
errors="0" failures="1" hostname="FakeMacbook" name="chatbot.ChallengeFlowTest" tests="2" time="0.148" timestamp="2020-11-23T13:05:22">
  <properties>
[...]
</properties>
  <testcase 
  name="Create Challenge Phrasal Verb A" classname="chatbot.ChallengeFlowTest" time="0.016">
    <failure 
    message="org.nutz.ssdb4j.spi.SSDBException: java.net.ConnectException: Connection refused (Connection refused)" type="class org.nutz.ssdb4j.spi.SSDBException">
      org.nutz.ssdb4j.spi.SSDBException: org.nutz.ssdb4j.spi.SSDBException: java.net.ConnectException: Connection refused (Connection refused)
      at org.nutz.ssdb4j.pool.PoolSSDBStream.req(PoolSSDBStream.java:34)
      at org.nutz.ssdb4j.impl.SimpleClient.req(SimpleClient.java:49)
      at org.nutz.ssdb4j.impl.SimpleClient.qclear(SimpleClient.java:258)
      at education.x.commons.SsdbList$$anonfun$clear$1.apply$mcZ$sp(SsdbList.scala:63)
      at education.x.commons.SsdbList$$anonfun$clear$1.apply(SsdbList.scala:63)
      at education.x.commons.SsdbList$$anonfun$clear$1.apply(SsdbList.scala:63)
      at scala.concurrent.impl.Future$PromiseCompletingRunnable.liftedTree1$1(Future.scala:24)
      at scala.concurrent.impl.Future$PromiseCompletingRunnable.run(Future.scala:24)
      at scala.concurrent.impl.ExecutionContextImpl$AdaptedForkJoinTask.exec(ExecutionContextImpl.scala:121)
      at scala.concurrent.forkjoin.ForkJoinTask.doExec(ForkJoinTask.java:260)
      at scala.concurrent.forkjoin.ForkJoinPool$WorkQueue.runTask(ForkJoinPool.java:1339)
      at scala.concurrent.forkjoin.ForkJoinPool.runWorker(ForkJoinPool.java:1979)
      at scala.concurrent.forkjoin.ForkJoinWorkerThread.run(ForkJoinWorkerThread.java:107)
      Cause: org.nutz.ssdb4j.spi.SSDBException: java.net.ConnectException: Connection refused (Connection refused)
      at org.nutz.ssdb4j.impl.SocketSSDBStream.beforeExec(SocketSSDBStream.java:48)
      at org.nutz.ssdb4j.impl.AbstractIoSSDBStream.req(AbstractIoSSDBStream.java:20)
      at org.nutz.ssdb4j.pool.PoolSSDBStream.req(PoolSSDBStream.java:24)
      at org.nutz.ssdb4j.impl.SimpleClient.req(SimpleClient.java:49)
      at org.nutz.ssdb4j.impl.SimpleClient.qclear(SimpleClient.java:258)
      at education.x.commons.SsdbList$$anonfun$clear$1.apply$mcZ$sp(SsdbList.scala:63)
      at education.x.commons.SsdbList$$anonfun$clear$1.apply(SsdbList.scala:63)
      at education.x.commons.SsdbList$$anonfun$clear$1.apply(SsdbList.scala:63)
      at scala.concurrent.impl.Future$PromiseCompletingRunnable.liftedTree1$1(Future.scala:24)
      at scala.concurrent.impl.Future$PromiseCompletingRunnable.run(Future.scala:24)
      at scala.concurrent.impl.ExecutionContextImpl$AdaptedForkJoinTask.exec(ExecutionContextImpl.scala:121)
      at scala.concurrent.forkjoin.ForkJoinTask.doExec(ForkJoinTask.java:260)
      at scala.concurrent.forkjoin.ForkJoinPool$WorkQueue.runTask(ForkJoinPool.java:1339)
      at scala.concurrent.forkjoin.ForkJoinPool.runWorker(ForkJoinPool.java:1979)
      at scala.concurrent.forkjoin.ForkJoinWorkerThread.run(ForkJoinWorkerThread.java:107)
      Cause: java.net.ConnectException: Connection refused (Connection refused)
      at java.net.PlainSocketImpl.socketConnect(Native Method)
      at java.net.AbstractPlainSocketImpl.doConnect(AbstractPlainSocketImpl.java:350)
      at java.net.AbstractPlainSocketImpl.connectToAddress(AbstractPlainSocketImpl.java:206)
      at java.net.AbstractPlainSocketImpl.connect(AbstractPlainSocketImpl.java:188)
      at java.net.SocksSocketImpl.connect(SocksSocketImpl.java:392)
      at java.net.Socket.connect(Socket.java:607)
      at org.nutz.ssdb4j.impl.SocketSSDBStream.beforeExec(SocketSSDBStream.java:37)
      at org.nutz.ssdb4j.impl.AbstractIoSSDBStream.req(AbstractIoSSDBStream.java:20)
      at org.nutz.ssdb4j.pool.PoolSSDBStream.req(PoolSSDBStream.java:24)
      at org.nutz.ssdb4j.impl.SimpleClient.req(SimpleClient.java:49)
      at org.nutz.ssdb4j.impl.SimpleClient.qclear(SimpleClient.java:258)
      at education.x.commons.SsdbList$$anonfun$clear$1.apply$mcZ$sp(SsdbList.scala:63)
      at education.x.commons.SsdbList$$anonfun$clear$1.apply(SsdbList.scala:63)
      at education.x.commons.SsdbList$$anonfun$clear$1.apply(SsdbList.scala:63)
      at scala.concurrent.impl.Future$PromiseCompletingRunnable.liftedTree1$1(Future.scala:24)
      at scala.concurrent.impl.Future$PromiseCompletingRunnable.run(Future.scala:24)
      at scala.concurrent.impl.ExecutionContextImpl$AdaptedForkJoinTask.exec(ExecutionContextImpl.scala:121)
      at scala.concurrent.forkjoin.ForkJoinTask.doExec(ForkJoinTask.java:260)
      at scala.concurrent.forkjoin.ForkJoinPool$WorkQueue.runTask(ForkJoinPool.java:1339)
      at scala.concurrent.forkjoin.ForkJoinPool.runWorker(ForkJoinPool.java:1979)
      at scala.concurrent.forkjoin.ForkJoinWorkerThread.run(ForkJoinWorkerThread.java:107)
</failure>
</testcase>
  <testcase 
  name="Join Challenge" classname="chatbot.ChallengeFlowTest" time="0.0">
</testcase>
  <system-out><![CDATA[]]></system-out>
  <system-err><![CDATA[]]></system-err>
</testsuite>
